[2023-07-11 16:07:35,549] DEBUG preRegister called. Server=com.sun.jmx.mbeanserver.JmxMBeanServer@28864e92, name=log4j:logger=kafka.controller (kafka.controller)
[2023-07-11 16:10:44,219] INFO [ControllerEventThread controllerId=0] Starting (kafka.controller.ControllerEventManager$ControllerEventThread)
[2023-07-11 16:10:44,275] INFO [Controller id=0] 0 successfully elected as the controller. Epoch incremented to 2 and epoch zk version is now 2 (kafka.controller.KafkaController)
[2023-07-11 16:10:44,276] INFO [Controller id=0] Registering handlers (kafka.controller.KafkaController)
[2023-07-11 16:10:44,283] INFO [Controller id=0] Deleting log dir event notifications (kafka.controller.KafkaController)
[2023-07-11 16:10:44,290] INFO [Controller id=0] Deleting isr change notifications (kafka.controller.KafkaController)
[2023-07-11 16:10:44,297] INFO [Controller id=0] Initializing controller context (kafka.controller.KafkaController)
[2023-07-11 16:10:44,326] INFO [Controller id=0] Initialized broker epochs cache: HashMap(0 -> 65) (kafka.controller.KafkaController)
[2023-07-11 16:10:44,341] DEBUG [Controller id=0] Register BrokerModifications handler for Set(0) (kafka.controller.KafkaController)
[2023-07-11 16:10:44,380] DEBUG [Channel manager on controller 0]: Controller 0 trying to connect to broker 0 (kafka.controller.ControllerChannelManager)
[2023-07-11 16:10:44,416] INFO [RequestSendThread controllerId=0] Starting (kafka.controller.RequestSendThread)
[2023-07-11 16:10:44,432] INFO [Controller id=0] Currently active brokers in the cluster: Set(0) (kafka.controller.KafkaController)
[2023-07-11 16:10:44,432] INFO [Controller id=0] Currently shutting brokers in the cluster: HashSet() (kafka.controller.KafkaController)
[2023-07-11 16:10:44,433] INFO [Controller id=0] Current list of topics in the cluster: HashSet(cc, new, kafkatest) (kafka.controller.KafkaController)
[2023-07-11 16:10:44,433] INFO [Controller id=0] Fetching topic deletions in progress (kafka.controller.KafkaController)
[2023-07-11 16:10:44,450] INFO [Controller id=0] List of topics to be deleted:  (kafka.controller.KafkaController)
[2023-07-11 16:10:44,451] INFO [Controller id=0] List of topics ineligible for deletion:  (kafka.controller.KafkaController)
[2023-07-11 16:10:44,455] INFO [Controller id=0] Initializing topic deletion manager (kafka.controller.KafkaController)
[2023-07-11 16:10:44,456] INFO [Topic Deletion Manager 0] Initializing manager with initial deletions: Set(), initial ineligible deletions: HashSet() (kafka.controller.TopicDeletionManager)
[2023-07-11 16:10:44,461] INFO [Controller id=0] Sending update metadata request (kafka.controller.KafkaController)
[2023-07-11 16:10:44,503] INFO [ReplicaStateMachine controllerId=0] Initializing replica state (kafka.controller.ZkReplicaStateMachine)
[2023-07-11 16:10:44,523] INFO [ReplicaStateMachine controllerId=0] Triggering online replica state changes (kafka.controller.ZkReplicaStateMachine)
[2023-07-11 16:10:44,535] INFO [RequestSendThread controllerId=0] Controller 0 connected to localhost:9092 (id: 0 rack: null) for sending state change requests (kafka.controller.RequestSendThread)
[2023-07-11 16:10:44,585] INFO [ReplicaStateMachine controllerId=0] Triggering offline replica state changes (kafka.controller.ZkReplicaStateMachine)
[2023-07-11 16:10:44,585] DEBUG [ReplicaStateMachine controllerId=0] Started replica state machine with initial state -> HashMap([Topic=new,Partition=0,Replica=0] -> OnlineReplica, [Topic=kafkatest,Partition=0,Replica=0] -> OnlineReplica, [Topic=cc,Partition=0,Replica=0] -> OnlineReplica) (kafka.controller.ZkReplicaStateMachine)
[2023-07-11 16:10:44,585] INFO [PartitionStateMachine controllerId=0] Initializing partition state (kafka.controller.ZkPartitionStateMachine)
[2023-07-11 16:10:44,599] INFO [PartitionStateMachine controllerId=0] Triggering online partition state changes (kafka.controller.ZkPartitionStateMachine)
[2023-07-11 16:10:44,601] DEBUG [PartitionStateMachine controllerId=0] Started partition state machine with initial state -> HashMap(new-0 -> OnlinePartition, cc-0 -> OnlinePartition, kafkatest-0 -> OnlinePartition) (kafka.controller.ZkPartitionStateMachine)
[2023-07-11 16:10:44,601] INFO [Controller id=0] Ready to serve as the new controller with epoch 2 (kafka.controller.KafkaController)
[2023-07-11 16:10:44,612] INFO [Controller id=0] Partitions undergoing preferred replica election:  (kafka.controller.KafkaController)
[2023-07-11 16:10:44,612] INFO [Controller id=0] Partitions that completed preferred replica election:  (kafka.controller.KafkaController)
[2023-07-11 16:10:44,613] INFO [Controller id=0] Skipping preferred replica election for partitions due to topic deletion:  (kafka.controller.KafkaController)
[2023-07-11 16:10:44,613] INFO [Controller id=0] Resuming preferred replica election for partitions:  (kafka.controller.KafkaController)
[2023-07-11 16:10:44,614] INFO [Controller id=0] Starting replica leader election (PREFERRED) for partitions  triggered by ZkTriggered (kafka.controller.KafkaController)
[2023-07-11 16:10:44,637] INFO [Controller id=0] Starting the controller scheduler (kafka.controller.KafkaController)
[2023-07-11 16:10:49,638] INFO [Controller id=0] Processing automatic preferred replica leader election (kafka.controller.KafkaController)
[2023-07-11 16:10:49,638] TRACE [Controller id=0] Checking need to trigger auto leader balancing (kafka.controller.KafkaController)
[2023-07-11 16:10:49,641] DEBUG [Controller id=0] Topics not in preferred replica for broker 0 Map() (kafka.controller.KafkaController)
[2023-07-11 16:10:49,642] TRACE [Controller id=0] Leader imbalance ratio for broker 0 is 0.0 (kafka.controller.KafkaController)
[2023-07-11 16:15:49,643] INFO [Controller id=0] Processing automatic preferred replica leader election (kafka.controller.KafkaController)
[2023-07-11 16:15:49,643] TRACE [Controller id=0] Checking need to trigger auto leader balancing (kafka.controller.KafkaController)
[2023-07-11 16:15:49,643] DEBUG [Controller id=0] Topics not in preferred replica for broker 0 Map() (kafka.controller.KafkaController)
[2023-07-11 16:15:49,643] TRACE [Controller id=0] Leader imbalance ratio for broker 0 is 0.0 (kafka.controller.KafkaController)
[2023-07-11 16:20:49,643] INFO [Controller id=0] Processing automatic preferred replica leader election (kafka.controller.KafkaController)
[2023-07-11 16:20:49,644] TRACE [Controller id=0] Checking need to trigger auto leader balancing (kafka.controller.KafkaController)
[2023-07-11 16:20:49,644] DEBUG [Controller id=0] Topics not in preferred replica for broker 0 Map() (kafka.controller.KafkaController)
[2023-07-11 16:20:49,644] TRACE [Controller id=0] Leader imbalance ratio for broker 0 is 0.0 (kafka.controller.KafkaController)
[2023-07-11 16:25:49,644] INFO [Controller id=0] Processing automatic preferred replica leader election (kafka.controller.KafkaController)
[2023-07-11 16:25:49,645] TRACE [Controller id=0] Checking need to trigger auto leader balancing (kafka.controller.KafkaController)
[2023-07-11 16:25:49,645] DEBUG [Controller id=0] Topics not in preferred replica for broker 0 Map() (kafka.controller.KafkaController)
[2023-07-11 16:25:49,645] TRACE [Controller id=0] Leader imbalance ratio for broker 0 is 0.0 (kafka.controller.KafkaController)
[2023-07-11 16:30:49,646] INFO [Controller id=0] Processing automatic preferred replica leader election (kafka.controller.KafkaController)
[2023-07-11 16:30:49,646] TRACE [Controller id=0] Checking need to trigger auto leader balancing (kafka.controller.KafkaController)
[2023-07-11 16:30:49,646] DEBUG [Controller id=0] Topics not in preferred replica for broker 0 Map() (kafka.controller.KafkaController)
[2023-07-11 16:30:49,646] TRACE [Controller id=0] Leader imbalance ratio for broker 0 is 0.0 (kafka.controller.KafkaController)
[2023-07-11 16:35:49,647] INFO [Controller id=0] Processing automatic preferred replica leader election (kafka.controller.KafkaController)
[2023-07-11 16:35:49,647] TRACE [Controller id=0] Checking need to trigger auto leader balancing (kafka.controller.KafkaController)
[2023-07-11 16:35:49,647] DEBUG [Controller id=0] Topics not in preferred replica for broker 0 Map() (kafka.controller.KafkaController)
[2023-07-11 16:35:49,647] TRACE [Controller id=0] Leader imbalance ratio for broker 0 is 0.0 (kafka.controller.KafkaController)
[2023-07-11 16:38:30,307] INFO [Controller id=0] Shutting down broker 0 (kafka.controller.KafkaController)
[2023-07-11 16:38:30,308] DEBUG [Controller id=0] All shutting down brokers: 0 (kafka.controller.KafkaController)
[2023-07-11 16:38:30,308] DEBUG [Controller id=0] Live brokers:  (kafka.controller.KafkaController)
[2023-07-11 16:38:30,313] TRACE [Controller id=0] All leaders = new-0 -> (Leader:0,ISR:0,LeaderEpoch:0,ControllerEpoch:1),cc-0 -> (Leader:0,ISR:0,LeaderEpoch:0,ControllerEpoch:1),kafkatest-0 -> (Leader:0,ISR:0,LeaderEpoch:0,ControllerEpoch:1) (kafka.controller.KafkaController)
[2023-07-11 16:38:31,798] INFO [ControllerEventThread controllerId=0] Shutting down (kafka.controller.ControllerEventManager$ControllerEventThread)
[2023-07-11 16:38:31,798] INFO [ControllerEventThread controllerId=0] Stopped (kafka.controller.ControllerEventManager$ControllerEventThread)
[2023-07-11 16:38:31,800] INFO [ControllerEventThread controllerId=0] Shutdown completed (kafka.controller.ControllerEventManager$ControllerEventThread)
[2023-07-11 16:38:31,800] DEBUG [Controller id=0] Resigning (kafka.controller.KafkaController)
[2023-07-11 16:38:31,800] DEBUG [Controller id=0] Unregister BrokerModifications handler for Set(0) (kafka.controller.KafkaController)
[2023-07-11 16:38:31,803] INFO [PartitionStateMachine controllerId=0] Stopped partition state machine (kafka.controller.ZkPartitionStateMachine)
[2023-07-11 16:38:31,804] INFO [ReplicaStateMachine controllerId=0] Stopped replica state machine (kafka.controller.ZkReplicaStateMachine)
[2023-07-11 16:38:31,804] INFO [RequestSendThread controllerId=0] Shutting down (kafka.controller.RequestSendThread)
[2023-07-11 16:38:31,804] INFO [RequestSendThread controllerId=0] Stopped (kafka.controller.RequestSendThread)
[2023-07-11 16:38:31,805] INFO [RequestSendThread controllerId=0] Shutdown completed (kafka.controller.RequestSendThread)
[2023-07-11 16:38:31,812] INFO [Controller id=0] Resigned (kafka.controller.KafkaController)
